

Started GET "/" for ::1 at 2017-06-26 10:01:17 -0400
Processing by StaticPagesController#root as HTML
  Rendered static_pages/root.html.erb within layouts/application (1.7ms)
Completed 200 OK in 4225ms (Views: 4215.9ms | ActiveRecord: 0.0ms)


Started GET "/assets/application.self-0821917095528b362e6f80e63d457908d2f69ab70992a75d895ca19b4f5707f8.css?body=1" for ::1 at 2017-06-26 10:01:22 -0400


Started GET "/assets/jquery.self-bd7ddd393353a8d2480a622e80342adf488fb6006d667e8b42e4c0073393abee.js?body=1" for ::1 at 2017-06-26 10:01:22 -0400


Started GET "/assets/jquery_ujs.self-784a997f6726036b1993eb2217c9cb558e1cbb801c6da88105588c56f13b466a.js?body=1" for ::1 at 2017-06-26 10:01:22 -0400


Started GET "/assets/bootstrap/transition.self-6ad2488465135ab731a045a8ebbe3ea2fc501aed286042496eda1664fdd07ba9.js?body=1" for ::1 at 2017-06-26 10:01:22 -0400


Started GET "/assets/bootstrap/button.self-126ac9bf0e7f2d8568f8da3a00fd5f0fac6eae0946331003370161fbf8d7975e.js?body=1" for ::1 at 2017-06-26 10:01:22 -0400


Started GET "/assets/bootstrap/alert.self-742145c5bb847aafdadc6e339be795628f8bc25f177e851f03a8c42278eb0312.js?body=1" for ::1 at 2017-06-26 10:01:22 -0400


Started GET "/assets/bootstrap/carousel.self-e47323f363ceb3dc0bdbce05e36e709ed428e339833a41140a85cb0af24b8127.js?body=1" for ::1 at 2017-06-26 10:01:22 -0400


Started GET "/assets/bootstrap/modal.self-3e78617ade5663314b7ee0ea10375a5b34d59ffbade44939e3f2a4e4ef2019b3.js?body=1" for ::1 at 2017-06-26 10:01:22 -0400


Started GET "/assets/bootstrap/dropdown.self-561cca1cbaf67474e01e9536f106bad541594860a6df997004591c1c1957a147.js?body=1" for ::1 at 2017-06-26 10:01:22 -0400


Started GET "/assets/bootstrap/tab.self-5bf7078b682f8b131332eefa46b45fa5eff2eca745fc0d03e2991450888f7c28.js?body=1" for ::1 at 2017-06-26 10:01:22 -0400


Started GET "/assets/bootstrap/collapse.self-2eb697f62b587bb786ff940d82dd4be88cdeeaf13ca128e3da3850c5fcaec301.js?body=1" for ::1 at 2017-06-26 10:01:22 -0400


Started GET "/assets/bootstrap/affix.self-6d6f1a7fc5c8aabf3547fa1b794fab6268f54bc55ad815e55873c71f52513517.js?body=1" for ::1 at 2017-06-26 10:01:22 -0400


Started GET "/assets/bootstrap/scrollspy.self-969f3c5f48cdf1e439c7fa1154c13b948715f5c689f87837c0b64521d3b46ef6.js?body=1" for ::1 at 2017-06-26 10:01:22 -0400


Started GET "/assets/bootstrap/tooltip.self-05afb177e08f98997ccfc84fa08a215e4b27d48d5fe4d049080675e9dffd8199.js?body=1" for ::1 at 2017-06-26 10:01:22 -0400


Started GET "/assets/bootstrap/popover.self-0aa93860b59fe7393f1dd490f54b3cb994f9d6155adffce034d4e14ae361b041.js?body=1" for ::1 at 2017-06-26 10:01:22 -0400


Started GET "/assets/bootstrap-sprockets.self-fbfa5ad7d9aa0afe439ec4ff3883acc4cb92b62cb67c40d674320c9aa1d4642d.js?body=1" for ::1 at 2017-06-26 10:01:22 -0400


Started GET "/assets/application.self-3b8dabdc891efe46b9a144b400ad69e37d7e5876bdc39dee783419a69d7ca819.js?body=1" for ::1 at 2017-06-26 10:01:22 -0400
